<?xml version="1.0" encoding="UTF-8"?>
<!-- Generated by org.testng.reporters.JUnitReportReporter -->
<testsuite hostname="IN01N01940" failures="0" tests="1" name="demoCalc.DemoCalculatore" time="0.007" errors="0" timestamp="2021-04-17T02:03:47 IST" skipped="0">
  <testcase classname="demoCalc.DemoCalculatore" name="sum" time="0.007"/>
  <system-out/>
</testsuite> <!-- demoCalc.DemoCalculatore -->
