<?xml version="1.0" encoding="UTF-8"?>
<!-- Generated by org.testng.reporters.JUnitReportReporter -->
<testsuite hostname="IN01N01940" failures="0" tests="2" name="demoCalc.DemoCalculatore" time="0.021" errors="0" timestamp="2021-04-17T03:19:45 IST" skipped="0">
  <testcase classname="demoCalc.DemoCalculatore" name="sum" time="0.000"/>
  <system-out/>
  <testcase classname="demoCalc.DemoCalculatore" name="sub" time="0.021"/>
  <system-out/>
</testsuite> <!-- demoCalc.DemoCalculatore -->
